2022-04-18 19:43:20,245 [INFO] sqlalchemy.engine.Engine: BEGIN (implicit)
2022-04-18 19:43:20,246 [INFO] sqlalchemy.engine.Engine: PRAGMA main.table_info("songs")
2022-04-18 19:43:20,247 [INFO] sqlalchemy.engine.Engine: [raw sql] ()
2022-04-18 19:43:20,251 [INFO] sqlalchemy.engine.Engine: PRAGMA temp.table_info("songs")
2022-04-18 19:43:20,251 [INFO] sqlalchemy.engine.Engine: [raw sql] ()
2022-04-18 19:43:20,252 [INFO] sqlalchemy.engine.Engine: PRAGMA main.table_info("users")
2022-04-18 19:43:20,253 [INFO] sqlalchemy.engine.Engine: [raw sql] ()
2022-04-18 19:43:20,254 [INFO] sqlalchemy.engine.Engine: PRAGMA temp.table_info("users")
2022-04-18 19:43:20,255 [INFO] sqlalchemy.engine.Engine: [raw sql] ()
2022-04-18 19:43:20,257 [INFO] sqlalchemy.engine.Engine: 
CREATE TABLE users (
	id INTEGER NOT NULL, 
	email VARCHAR(120) NOT NULL, 
	password VARCHAR(300) NOT NULL, 
	about VARCHAR(300), 
	authenticated BOOLEAN, 
	registered_on DATETIME, 
	is_active BOOLEAN DEFAULT '1' NOT NULL, 
	is_admin BOOLEAN DEFAULT '0' NOT NULL, 
	PRIMARY KEY (id), 
	UNIQUE (email), 
	UNIQUE (password)
)


2022-04-18 19:43:20,258 [INFO] sqlalchemy.engine.Engine: [no key 0.00065s] ()
2022-04-18 19:43:20,279 [INFO] sqlalchemy.engine.Engine: 
CREATE TABLE songs (
	id INTEGER NOT NULL, 
	title VARCHAR(300), 
	user_id INTEGER, 
	PRIMARY KEY (id), 
	FOREIGN KEY(user_id) REFERENCES users (id)
)


2022-04-18 19:43:20,279 [INFO] sqlalchemy.engine.Engine: [no key 0.00074s] ()
2022-04-18 19:43:20,301 [INFO] sqlalchemy.engine.Engine: COMMIT
2022-04-18 19:56:02,404 [INFO] sqlalchemy.engine.Engine: BEGIN (implicit)
2022-04-18 19:56:02,405 [INFO] sqlalchemy.engine.Engine: PRAGMA main.table_info("songs")
2022-04-18 19:56:02,406 [INFO] sqlalchemy.engine.Engine: [raw sql] ()
2022-04-18 19:56:02,414 [INFO] sqlalchemy.engine.Engine: PRAGMA main.table_info("users")
2022-04-18 19:56:02,415 [INFO] sqlalchemy.engine.Engine: [raw sql] ()
2022-04-18 19:56:02,419 [INFO] sqlalchemy.engine.Engine: COMMIT
